2022-04-27-11:24:01 adding CV_DevOps(6)_Od_Oleksandr_Makarov.pdf
2022-04-27-11:24:01 adding Lecture 5.3 Network security basics.pdf
2022-04-27-11:24:02 adding Rebekka Hunter - part 1 task 9-11.pdf
2022-04-27-11:24:02 adding Task 5.pdf
2022-04-27-11:24:02 adding Task6.1.pdf
2022-04-27-11:24:02 adding Use of English B2 for all exames TB_OCR MCR.pdf
2022-04-27-11:24:03 adding image_2020_05_01T05_44_06_629Z.png
2022-04-27-11:24:03 adding part 1 task 3, 4, 51477258.pdf
2022-04-27-11:24:03 adding part 1 task 7, 8.pdf
2022-04-27-11:26:01 adding CV_DevOps(6)_Od_Oleksandr_Makarov.pdf
2022-04-27-11:26:01 adding Lecture 5.3 Network security basics.pdf
2022-04-27-11:26:01 adding Rebekka Hunter - part 1 task 9-11.pdf
2022-04-27-11:26:01 adding Task 5.pdf
2022-04-27-11:26:01 adding Task6.1.pdf
2022-04-27-11:26:01 adding Use of English B2 for all exames TB_OCR MCR.pdf
2022-04-27-11:26:02 adding image_2020_05_01T05_44_06_629Z.png
2022-04-27-11:26:02 adding part 1 task 3, 4, 51477258.pdf
2022-04-27-11:26:02 adding part 1 task 7, 8.pdf
2022-04-27-12:08:01 deleting SplitCamSetup_x64.msi
2022-04-27-12:08:01 deleting OneDrive_2022-04-19.zip
2022-04-27-12:08:01 deleting ManyCamSetup.exe
2022-04-27-12:12:02 adding ManyCamSetup.exe
2022-04-27-12:12:07 adding OneDrive_2022-04-19.zip
2022-04-27-12:18:01 deleting 02370887447_FS-365492_22_MEPL1_04_fv.pdf
2022-04-27-12:18:01 deleting 02312914405_FS-376596_22_MEPL1_04_fv.pdf
2022-04-27-12:18:01 adding ManyCamSetup.exe
2022-04-27-12:18:07 adding OneDrive_2022-04-19.zip
